<?xml version="1.0" encoding="UTF-8"?>
<testsuite name="frc.robot.TemplateUnitTest" tests="2" skipped="0" failures="0" errors="0" timestamp="2021-02-25T13:51:38" hostname="LAPTOP-B1PRE145" time="0.004">
  <properties/>
  <testcase name="myUnitTest" classname="frc.robot.TemplateUnitTest" time="0.002"/>
  <testcase name="myUnitTest2" classname="frc.robot.TemplateUnitTest" time="0.0"/>
  <system-out><![CDATA[]]></system-out>
  <system-err><![CDATA[]]></system-err>
</testsuite>
